CRITICAL - 2023-10-13 20:55:47 --> bootstrap_pagination is not a valid Pager template.
#0 C:\xampp\htdocs\web_rifkkimaulana\system\Pager\Pager.php(120): CodeIgniter\Pager\Exceptions\PagerException::forInvalidTemplate('bootstrap_pagin...')
#1 C:\xampp\htdocs\web_rifkkimaulana\system\Pager\Pager.php(83): CodeIgniter\Pager\Pager->displayLinks('rifkkimaulana', 'bootstrap_pagin...')
#2 C:\xampp\htdocs\web_rifkkimaulana\app\Views\Rifkkimaulana\Front\Pages\Blog.php(45): CodeIgniter\Pager\Pager->links('rifkkimaulana', 'bootstrap_pagin...')
#3 C:\xampp\htdocs\web_rifkkimaulana\system\View\View.php(210): include('C:\\xampp\\htdocs...')
#4 C:\xampp\htdocs\web_rifkkimaulana\system\View\View.php(213): CodeIgniter\View\View->CodeIgniter\View\{closure}()
#5 C:\xampp\htdocs\web_rifkkimaulana\system\Common.php(1089): CodeIgniter\View\View->render('Rifkkimaulana/F...', Array, true)
#6 C:\xampp\htdocs\web_rifkkimaulana\app\Controllers\Rifkkimaulana\Front\Blog.php(39): view('Rifkkimaulana/F...', Array)
#7 C:\xampp\htdocs\web_rifkkimaulana\system\CodeIgniter.php(832): App\Controllers\Rifkkimaulana\Front\Blog->index()
#8 C:\xampp\htdocs\web_rifkkimaulana\system\CodeIgniter.php(419): CodeIgniter\CodeIgniter->runController(Object(App\Controllers\Rifkkimaulana\Front\Blog))
#9 C:\xampp\htdocs\web_rifkkimaulana\system\CodeIgniter.php(326): CodeIgniter\CodeIgniter->handleRequest(NULL, Object(Config\Cache), false)
#10 C:\xampp\htdocs\web_rifkkimaulana\public\index.php(37): CodeIgniter\CodeIgniter->run()
#11 C:\xampp\htdocs\web_rifkkimaulana\system\Commands\Server\rewrite.php(43): require_once('C:\\xampp\\htdocs...')
#12 {main}
CRITICAL - 2023-10-13 21:53:41 --> Array to string conversion
#0 C:\xampp\htdocs\web_rifkkimaulana\app\Views\Rifkkimaulana\Front\Pages\BlogDetail.php(18): CodeIgniter\Debug\Exceptions->errorHandler(8, 'Array to string...', 'C:\\xampp\\htdocs...', 18, Array)
#1 C:\xampp\htdocs\web_rifkkimaulana\system\View\View.php(210): include('C:\\xampp\\htdocs...')
#2 C:\xampp\htdocs\web_rifkkimaulana\system\View\View.php(213): CodeIgniter\View\View->CodeIgniter\View\{closure}()
#3 C:\xampp\htdocs\web_rifkkimaulana\system\Common.php(1089): CodeIgniter\View\View->render('Rifkkimaulana/F...', Array, true)
#4 C:\xampp\htdocs\web_rifkkimaulana\app\Controllers\Rifkkimaulana\Front\Blog.php(94): view('Rifkkimaulana/F...', Array)
#5 C:\xampp\htdocs\web_rifkkimaulana\system\CodeIgniter.php(832): App\Controllers\Rifkkimaulana\Front\Blog->detail('ini-adalah-arti...')
#6 C:\xampp\htdocs\web_rifkkimaulana\system\CodeIgniter.php(419): CodeIgniter\CodeIgniter->runController(Object(App\Controllers\Rifkkimaulana\Front\Blog))
#7 C:\xampp\htdocs\web_rifkkimaulana\system\CodeIgniter.php(326): CodeIgniter\CodeIgniter->handleRequest(NULL, Object(Config\Cache), false)
#8 C:\xampp\htdocs\web_rifkkimaulana\public\index.php(37): CodeIgniter\CodeIgniter->run()
#9 C:\xampp\htdocs\web_rifkkimaulana\system\Commands\Server\rewrite.php(43): require_once('C:\\xampp\\htdocs...')
#10 {main}
CRITICAL - 2023-10-13 21:55:16 --> Array to string conversion
#0 C:\xampp\htdocs\web_rifkkimaulana\app\Views\Rifkkimaulana\Front\Pages\BlogDetail.php(18): CodeIgniter\Debug\Exceptions->errorHandler(8, 'Array to string...', 'C:\\xampp\\htdocs...', 18, Array)
#1 C:\xampp\htdocs\web_rifkkimaulana\system\View\View.php(210): include('C:\\xampp\\htdocs...')
#2 C:\xampp\htdocs\web_rifkkimaulana\system\View\View.php(213): CodeIgniter\View\View->CodeIgniter\View\{closure}()
#3 C:\xampp\htdocs\web_rifkkimaulana\system\Common.php(1089): CodeIgniter\View\View->render('Rifkkimaulana/F...', Array, true)
#4 C:\xampp\htdocs\web_rifkkimaulana\app\Controllers\Rifkkimaulana\Front\Blog.php(95): view('Rifkkimaulana/F...', Array)
#5 C:\xampp\htdocs\web_rifkkimaulana\system\CodeIgniter.php(832): App\Controllers\Rifkkimaulana\Front\Blog->detail('ini-adalah-arti...')
#6 C:\xampp\htdocs\web_rifkkimaulana\system\CodeIgniter.php(419): CodeIgniter\CodeIgniter->runController(Object(App\Controllers\Rifkkimaulana\Front\Blog))
#7 C:\xampp\htdocs\web_rifkkimaulana\system\CodeIgniter.php(326): CodeIgniter\CodeIgniter->handleRequest(NULL, Object(Config\Cache), false)
#8 C:\xampp\htdocs\web_rifkkimaulana\public\index.php(37): CodeIgniter\CodeIgniter->run()
#9 C:\xampp\htdocs\web_rifkkimaulana\system\Commands\Server\rewrite.php(43): require_once('C:\\xampp\\htdocs...')
#10 {main}
CRITICAL - 2023-10-13 21:55:18 --> Array to string conversion
#0 C:\xampp\htdocs\web_rifkkimaulana\app\Views\Rifkkimaulana\Front\Pages\BlogDetail.php(18): CodeIgniter\Debug\Exceptions->errorHandler(8, 'Array to string...', 'C:\\xampp\\htdocs...', 18, Array)
#1 C:\xampp\htdocs\web_rifkkimaulana\system\View\View.php(210): include('C:\\xampp\\htdocs...')
#2 C:\xampp\htdocs\web_rifkkimaulana\system\View\View.php(213): CodeIgniter\View\View->CodeIgniter\View\{closure}()
#3 C:\xampp\htdocs\web_rifkkimaulana\system\Common.php(1089): CodeIgniter\View\View->render('Rifkkimaulana/F...', Array, true)
#4 C:\xampp\htdocs\web_rifkkimaulana\app\Controllers\Rifkkimaulana\Front\Blog.php(95): view('Rifkkimaulana/F...', Array)
#5 C:\xampp\htdocs\web_rifkkimaulana\system\CodeIgniter.php(832): App\Controllers\Rifkkimaulana\Front\Blog->detail('ini-adalah-arti...')
#6 C:\xampp\htdocs\web_rifkkimaulana\system\CodeIgniter.php(419): CodeIgniter\CodeIgniter->runController(Object(App\Controllers\Rifkkimaulana\Front\Blog))
#7 C:\xampp\htdocs\web_rifkkimaulana\system\CodeIgniter.php(326): CodeIgniter\CodeIgniter->handleRequest(NULL, Object(Config\Cache), false)
#8 C:\xampp\htdocs\web_rifkkimaulana\public\index.php(37): CodeIgniter\CodeIgniter->run()
#9 C:\xampp\htdocs\web_rifkkimaulana\system\Commands\Server\rewrite.php(43): require_once('C:\\xampp\\htdocs...')
#10 {main}
ERROR - 2023-10-13 21:58:27 --> Unknown column 'komentar_id' in 'where clause'
CRITICAL - 2023-10-13 21:58:27 --> Unknown column 'komentar_id' in 'where clause'
#0 C:\xampp\htdocs\web_rifkkimaulana\system\Database\MySQLi\Connection.php(292): mysqli->query('SELECT *\nFROM `...', 0)
#1 C:\xampp\htdocs\web_rifkkimaulana\system\Database\BaseConnection.php(670): CodeIgniter\Database\MySQLi\Connection->execute('SELECT *\nFROM `...')
#2 C:\xampp\htdocs\web_rifkkimaulana\system\Database\BaseConnection.php(598): CodeIgniter\Database\BaseConnection->simpleQuery('SELECT *\nFROM `...')
#3 C:\xampp\htdocs\web_rifkkimaulana\system\Database\BaseBuilder.php(1455): CodeIgniter\Database\BaseConnection->query('SELECT *\nFROM `...', Array, false)
#4 C:\xampp\htdocs\web_rifkkimaulana\system\Model.php(183): CodeIgniter\Database\BaseBuilder->get()
#5 C:\xampp\htdocs\web_rifkkimaulana\system\BaseModel.php(584): CodeIgniter\Model->doFindAll(0, 0)
#6 C:\xampp\htdocs\web_rifkkimaulana\app\Controllers\Rifkkimaulana\Front\Blog.php(93): CodeIgniter\BaseModel->findAll()
#7 C:\xampp\htdocs\web_rifkkimaulana\system\CodeIgniter.php(832): App\Controllers\Rifkkimaulana\Front\Blog->detail('ini-adalah-arti...')
#8 C:\xampp\htdocs\web_rifkkimaulana\system\CodeIgniter.php(419): CodeIgniter\CodeIgniter->runController(Object(App\Controllers\Rifkkimaulana\Front\Blog))
#9 C:\xampp\htdocs\web_rifkkimaulana\system\CodeIgniter.php(326): CodeIgniter\CodeIgniter->handleRequest(NULL, Object(Config\Cache), false)
#10 C:\xampp\htdocs\web_rifkkimaulana\public\index.php(37): CodeIgniter\CodeIgniter->run()
#11 C:\xampp\htdocs\web_rifkkimaulana\system\Commands\Server\rewrite.php(43): require_once('C:\\xampp\\htdocs...')
#12 {main}
CRITICAL - 2023-10-13 21:59:02 --> Undefined index: komentar
#0 C:\xampp\htdocs\web_rifkkimaulana\app\Views\Rifkkimaulana\Front\Pages\BlogDetail.php(102): CodeIgniter\Debug\Exceptions->errorHandler(8, 'Undefined index...', 'C:\\xampp\\htdocs...', 102, Array)
#1 C:\xampp\htdocs\web_rifkkimaulana\system\View\View.php(210): include('C:\\xampp\\htdocs...')
#2 C:\xampp\htdocs\web_rifkkimaulana\system\View\View.php(213): CodeIgniter\View\View->CodeIgniter\View\{closure}()
#3 C:\xampp\htdocs\web_rifkkimaulana\system\Common.php(1089): CodeIgniter\View\View->render('Rifkkimaulana/F...', Array, true)
#4 C:\xampp\htdocs\web_rifkkimaulana\app\Controllers\Rifkkimaulana\Front\Blog.php(96): view('Rifkkimaulana/F...', Array)
#5 C:\xampp\htdocs\web_rifkkimaulana\system\CodeIgniter.php(832): App\Controllers\Rifkkimaulana\Front\Blog->detail('ini-adalah-arti...')
#6 C:\xampp\htdocs\web_rifkkimaulana\system\CodeIgniter.php(419): CodeIgniter\CodeIgniter->runController(Object(App\Controllers\Rifkkimaulana\Front\Blog))
#7 C:\xampp\htdocs\web_rifkkimaulana\system\CodeIgniter.php(326): CodeIgniter\CodeIgniter->handleRequest(NULL, Object(Config\Cache), false)
#8 C:\xampp\htdocs\web_rifkkimaulana\public\index.php(37): CodeIgniter\CodeIgniter->run()
#9 C:\xampp\htdocs\web_rifkkimaulana\system\Commands\Server\rewrite.php(43): require_once('C:\\xampp\\htdocs...')
#10 {main}
CRITICAL - 2023-10-13 22:07:54 --> Undefined index: created_at
#0 C:\xampp\htdocs\web_rifkkimaulana\app\Views\Rifkkimaulana\Front\Pages\BlogDetail.php(112): CodeIgniter\Debug\Exceptions->errorHandler(8, 'Undefined index...', 'C:\\xampp\\htdocs...', 112, Array)
#1 C:\xampp\htdocs\web_rifkkimaulana\system\View\View.php(210): include('C:\\xampp\\htdocs...')
#2 C:\xampp\htdocs\web_rifkkimaulana\system\View\View.php(213): CodeIgniter\View\View->CodeIgniter\View\{closure}()
#3 C:\xampp\htdocs\web_rifkkimaulana\system\Common.php(1089): CodeIgniter\View\View->render('Rifkkimaulana/F...', Array, true)
#4 C:\xampp\htdocs\web_rifkkimaulana\app\Controllers\Rifkkimaulana\Front\Blog.php(96): view('Rifkkimaulana/F...', Array)
#5 C:\xampp\htdocs\web_rifkkimaulana\system\CodeIgniter.php(832): App\Controllers\Rifkkimaulana\Front\Blog->detail('ini-adalah-arti...')
#6 C:\xampp\htdocs\web_rifkkimaulana\system\CodeIgniter.php(419): CodeIgniter\CodeIgniter->runController(Object(App\Controllers\Rifkkimaulana\Front\Blog))
#7 C:\xampp\htdocs\web_rifkkimaulana\system\CodeIgniter.php(326): CodeIgniter\CodeIgniter->handleRequest(NULL, Object(Config\Cache), false)
#8 C:\xampp\htdocs\web_rifkkimaulana\public\index.php(37): CodeIgniter\CodeIgniter->run()
#9 C:\xampp\htdocs\web_rifkkimaulana\system\Commands\Server\rewrite.php(43): require_once('C:\\xampp\\htdocs...')
#10 {main}
